# JRE version: OpenJDK Runtime Environment (7.0_71-b14) (build 1.7.0_71-b14)
# Java VM: OpenJDK Server VM (24.65-b04 mixed mode linux-x86 )
Heap
 PSYoungGen      total 17664K, used 1268K [0x9dbc0000, 0x9ee40000, 0xb3140000)
  eden space 16384K, 0% used [0x9dbc0000,0x9dbc0000,0x9ebc0000)
  from space 1280K, 99% used [0x9ebc0000,0x9ecfd298,0x9ed00000)
  to   space 1280K, 0% used [0x9ed00000,0x9ed00000,0x9ee40000)
 ParOldGen       total 21504K, used 10497K [0x73140000, 0x74640000, 0x9dbc0000)
  object space 21504K, 48% used [0x73140000,0x73b806e0,0x74640000)
 PSPermGen       total 16384K, used 4637K [0x6b140000, 0x6c140000, 0x73140000)
  object space 16384K, 28% used [0x6b140000,0x6b5c7538,0x6c140000)
GC Heap History (9 events):
Event: 19,850 GC heap before
{Heap before GC invocations=1 (full 0):
 PSYoungGen      total 9472K, used 8192K [0x9dbc0000, 0x9e640000, 0xb3140000)
  eden space 8192K, 100% used [0x9dbc0000,0x9e3c0000,0x9e3c0000)
  from space 1280K, 0% used [0x9e500000,0x9e500000,0x9e640000)
  to   space 1280K, 0% used [0x9e3c0000,0x9e3c0000,0x9e500000)
 ParOldGen       total 21504K, used 0K [0x73140000, 0x74640000, 0x9dbc0000)
  object space 21504K, 0% used [0x73140000,0x73140000,0x74640000)
 PSPermGen       total 16384K, used 3209K [0x6b140000, 0x6c140000, 0x73140000)
  object space 16384K, 19% used [0x6b140000,0x6b4625e0,0x6c140000)
Event: 20,166 GC heap after
Heap after GC invocations=1 (full 0):
 PSYoungGen      total 9472K, used 1269K [0x9dbc0000, 0x9e640000, 0xb3140000)
  eden space 8192K, 0% used [0x9dbc0000,0x9dbc0000,0x9e3c0000)
  from space 1280K, 99% used [0x9e3c0000,0x9e4fd480,0x9e500000)
  to   space 1280K, 0% used [0x9e500000,0x9e500000,0x9e640000)
 ParOldGen       total 21504K, used 1888K [0x73140000, 0x74640000, 0x9dbc0000)
  object space 21504K, 8% used [0x73140000,0x73318190,0x74640000)
 PSPermGen       total 16384K, used 3209K [0x6b140000, 0x6c140000, 0x73140000)
  object space 16384K, 19% used [0x6b140000,0x6b4625e0,0x6c140000)
}
Event: 54,479 GC heap before
{Heap before GC invocations=2 (full 0):
 PSYoungGen      total 9472K, used 9461K [0x9dbc0000, 0x9e640000, 0xb3140000)
  eden space 8192K, 100% used [0x9dbc0000,0x9e3c0000,0x9e3c0000)
  from space 1280K, 99% used [0x9e3c0000,0x9e4fd480,0x9e500000)
  to   space 1280K, 0% used [0x9e500000,0x9e500000,0x9e640000)
 ParOldGen       total 21504K, used 1888K [0x73140000, 0x74640000, 0x9dbc0000)
  object space 21504K, 8% used [0x73140000,0x73318190,0x74640000)
 PSPermGen       total 16384K, used 3887K [0x6b140000, 0x6c140000, 0x73140000)
  object space 16384K, 23% used [0x6b140000,0x6b50bdc8,0x6c140000)
Event: 55,866 GC heap after
Heap after GC invocations=2 (full 0):
 PSYoungGen      total 9472K, used 1276K [0x9dbc0000, 0x9ee40000, 0xb3140000)
  eden space 8192K, 0% used [0x9dbc0000,0x9dbc0000,0x9e3c0000)
  from space 1280K, 99% used [0x9e500000,0x9e63f2a8,0x9e640000)
  to   space 1280K, 0% used [0x9e3c0000,0x9e3c0000,0x9e500000)
 ParOldGen       total 21504K, used 4043K [0x73140000, 0x74640000, 0x9dbc0000)
  object space 21504K, 18% used [0x73140000,0x73532d28,0x74640000)
 PSPermGen       total 16384K, used 3887K [0x6b140000, 0x6c140000, 0x73140000)
  object space 16384K, 23% used [0x6b140000,0x6b50bdc8,0x6c140000)
}
Event: 114,408 GC heap before
{Heap before GC invocations=3 (full 0):
 PSYoungGen      total 9472K, used 9059K [0x9dbc0000, 0x9ee40000, 0xb3140000)
  eden space 8192K, 95% used [0x9dbc0000,0x9e359d30,0x9e3c0000)
  from space 1280K, 99% used [0x9e500000,0x9e63f2a8,0x9e640000)
  to   space 1280K, 0% used [0x9e3c0000,0x9e3c0000,0x9e500000)
 ParOldGen       total 21504K, used 4043K [0x73140000, 0x74640000, 0x9dbc0000)
  object space 21504K, 18% used [0x73140000,0x73532d28,0x74640000)
 PSPermGen       total 16384K, used 4603K [0x6b140000, 0x6c140000, 0x73140000)
  object space 16384K, 28% used [0x6b140000,0x6b5bef30,0x6c140000)
Event: 114,968 GC heap after
Heap after GC invocations=3 (full 0):
 PSYoungGen      total 9472K, used 1276K [0x9dbc0000, 0x9ee40000, 0xb3140000)
  eden space 8192K, 0% used [0x9dbc0000,0x9dbc0000,0x9e3c0000)
  from space 1280K, 99% used [0x9e3c0000,0x9e4ff2a8,0x9e500000)
  to   space 1280K, 0% used [0x9ed00000,0x9ed00000,0x9ee40000)
 ParOldGen       total 21504K, used 5209K [0x73140000, 0x74640000, 0x9dbc0000)
  object space 21504K, 24% used [0x73140000,0x73656418,0x74640000)
 PSPermGen       total 16384K, used 4603K [0x6b140000, 0x6c140000, 0x73140000)
  object space 16384K, 28% used [0x6b140000,0x6b5bef30,0x6c140000)
}
Event: 121,836 GC heap before
{Heap before GC invocations=4 (full 0):
 PSYoungGen      total 9472K, used 9468K [0x9dbc0000, 0x9ee40000, 0xb3140000)
  eden space 8192K, 100% used [0x9dbc0000,0x9e3c0000,0x9e3c0000)
  from space 1280K, 99% used [0x9e3c0000,0x9e4ff2a8,0x9e500000)
  to   space 1280K, 0% used [0x9ed00000,0x9ed00000,0x9ee40000)
 ParOldGen       total 21504K, used 5209K [0x73140000, 0x74640000, 0x9dbc0000)
  object space 21504K, 24% used [0x73140000,0x73656418,0x74640000)
 PSPermGen       total 16384K, used 4621K [0x6b140000, 0x6c140000, 0x73140000)
  object space 16384K, 28% used [0x6b140000,0x6b5c36d8,0x6c140000)
Event: 124,245 GC heap after
Heap after GC invocations=4 (full 0):
 PSYoungGen      total 17664K, used 1268K [0x9dbc0000, 0x9ee40000, 0xb3140000)
  eden space 16384K, 0% used [0x9dbc0000,0x9dbc0000,0x9ebc0000)
  from space 1280K, 99% used [0x9ed00000,0x9ee3d298,0x9ee40000)
  to   space 1280K, 0% used [0x9ebc0000,0x9ebc0000,0x9ed00000)
 ParOldGen       total 21504K, used 6559K [0x73140000, 0x74640000, 0x9dbc0000)
  object space 21504K, 30% used [0x73140000,0x737a7ed8,0x74640000)
 PSPermGen       total 16384K, used 4621K [0x6b140000, 0x6c140000, 0x73140000)
  object space 16384K, 28% used [0x6b140000,0x6b5c36d8,0x6c140000)
}
Event: 135,568 GC heap before
{Heap before GC invocations=5 (full 0):
 PSYoungGen      total 17664K, used 17652K [0x9dbc0000, 0x9ee40000, 0xb3140000)
  eden space 16384K, 100% used [0x9dbc0000,0x9ebc0000,0x9ebc0000)
  from space 1280K, 99% used [0x9ed00000,0x9ee3d298,0x9ee40000)
  to   space 1280K, 0% used [0x9ebc0000,0x9ebc0000,0x9ed00000)
 ParOldGen       total 21504K, used 6559K [0x73140000, 0x74640000, 0x9dbc0000)
  object space 21504K, 30% used [0x73140000,0x737a7ed8,0x74640000)
 PSPermGen       total 16384K, used 4637K [0x6b140000, 0x6c140000, 0x73140000)
  object space 16384K, 28% used [0x6b140000,0x6b5c7538,0x6c140000)

